<?xml version="1.0" encoding="UTF-8"?>
<!-- Generated by org.testng.reporters.JUnitReportReporter -->
<testsuite skipped="0" hostname="DESKTOP-V9DJ8HU" name="TestDAO.test" tests="1" failures="0" timestamp="2020-06-29T01:23:26 ICT" time="0.824" errors="0">
  <testcase name="testt" time="0.824" classname="TestDAO.test"/>
  <system-out/>
</testsuite> <!-- TestDAO.test -->
