<?xml version="1.0" encoding="UTF-8"?>
<!-- Generated by org.testng.reporters.JUnitReportReporter -->
<testsuite skipped="0" hostname="DESKTOP-V9DJ8HU" name="DAO.HocVienDAOTest" tests="4" failures="0" timestamp="2020-06-27T16:30:38 ICT" time="1.287" errors="0">
  <testcase name="deleteTest" time="1.044" classname="DAO.HocVienDAOTest"/>
  <system-out/>
  <testcase name="insertTest" time="0.088" classname="DAO.HocVienDAOTest"/>
  <system-out/>
  <testcase name="updateTest" time="0.072" classname="DAO.HocVienDAOTest"/>
  <system-out/>
  <testcase name="selectTest" time="0.083" classname="DAO.HocVienDAOTest"/>
  <system-out/>
</testsuite> <!-- DAO.HocVienDAOTest -->
